<?xml version="1.0" encoding="UTF-8"?>
<testsuite xmlns:xsi="http://www.w3.org/2001/XMLSchema-instance" xsi:schemaLocation="https://maven.apache.org/surefire/maven-surefire-plugin/xsd/surefire-test-report.xsd" name="TestSuite" time="1.24" tests="18" errors="0" skipped="17" failures="1">
  <properties>
    <property name="java.runtime.name" value="Java(TM) SE Runtime Environment"/>
    <property name="sun.boot.library.path" value="/Library/Java/JavaVirtualMachines/jdk1.8.0_60.jdk/Contents/Home/jre/lib"/>
    <property name="java.vm.version" value="25.60-b23"/>
    <property name="user.country.format" value="IN"/>
    <property name="gopherProxySet" value="false"/>
    <property name="java.vm.vendor" value="Oracle Corporation"/>
    <property name="java.vendor.url" value="http://java.oracle.com/"/>
    <property name="path.separator" value=":"/>
    <property name="guice.disable.misplaced.annotation.check" value="true"/>
    <property name="java.vm.name" value="Java HotSpot(TM) 64-Bit Server VM"/>
    <property name="file.encoding.pkg" value="sun.io"/>
    <property name="user.country" value="US"/>
    <property name="sun.java.launcher" value="SUN_STANDARD"/>
    <property name="sun.os.patch.level" value="unknown"/>
    <property name="java.vm.specification.name" value="Java Virtual Machine Specification"/>
    <property name="user.dir" value="/Users/nagarjunareddy/Documents/projectworkspace/eclipse/AutoPost"/>
    <property name="java.runtime.version" value="1.8.0_60-b27"/>
    <property name="java.awt.graphicsenv" value="sun.awt.CGraphicsEnvironment"/>
    <property name="java.endorsed.dirs" value="/Library/Java/JavaVirtualMachines/jdk1.8.0_60.jdk/Contents/Home/jre/lib/endorsed"/>
    <property name="os.arch" value="x86_64"/>
    <property name="java.io.tmpdir" value="/var/folders/g4/dylg4g7s7wbdtg_f6mtzj8m00000gn/T/"/>
    <property name="line.separator" value="&#10;"/>
    <property name="java.vm.specification.vendor" value="Oracle Corporation"/>
    <property name="os.name" value="Mac OS X"/>
    <property name="classworlds.conf" value="/Users/nagarjunareddy/Documents/projectworkspace/eclipse/.metadata/.plugins/org.eclipse.m2e.launching/launches/m2conf3306367646370508754.tmp"/>
    <property name="sun.jnu.encoding" value="UTF-8"/>
    <property name="java.library.path" value="/Users/nagarjunareddy/Library/Java/Extensions:/Library/Java/Extensions:/Network/Library/Java/Extensions:/System/Library/Java/Extensions:/usr/lib/java:."/>
    <property name="java.specification.name" value="Java Platform API Specification"/>
    <property name="java.class.version" value="52.0"/>
    <property name="sun.management.compiler" value="HotSpot 64-Bit Tiered Compilers"/>
    <property name="os.version" value="10.12.4"/>
    <property name="http.nonProxyHosts" value="local|*.local|169.254/16|*.169.254/16"/>
    <property name="user.home" value="/Users/nagarjunareddy"/>
    <property name="user.timezone" value="Asia/Kolkata"/>
    <property name="java.awt.printerjob" value="sun.lwawt.macosx.CPrinterJob"/>
    <property name="java.specification.version" value="1.8"/>
    <property name="file.encoding" value="UTF-8"/>
    <property name="user.name" value="nagarjunareddy"/>
    <property name="java.class.path" value="/Applications/eclipse/plugins/org.eclipse.m2e.maven.runtime_1.5.1.20150109-1819/jars/plexus-classworlds-2.5.1.jar"/>
    <property name="org.slf4j.simpleLogger.defaultLogLevel" value="info"/>
    <property name="java.vm.specification.version" value="1.8"/>
    <property name="sun.arch.data.model" value="64"/>
    <property name="java.home" value="/Library/Java/JavaVirtualMachines/jdk1.8.0_60.jdk/Contents/Home/jre"/>
    <property name="sun.java.command" value="org.codehaus.plexus.classworlds.launcher.Launcher -B test"/>
    <property name="java.specification.vendor" value="Oracle Corporation"/>
    <property name="user.language" value="en"/>
    <property name="awt.toolkit" value="sun.lwawt.macosx.LWCToolkit"/>
    <property name="java.vm.info" value="mixed mode"/>
    <property name="java.version" value="1.8.0_60"/>
    <property name="java.ext.dirs" value="/Users/nagarjunareddy/Library/Java/Extensions:/Library/Java/JavaVirtualMachines/jdk1.8.0_60.jdk/Contents/Home/jre/lib/ext:/Library/Java/Extensions:/Network/Library/Java/Extensions:/System/Library/Java/Extensions:/usr/lib/java"/>
    <property name="sun.boot.class.path" value="/Library/Java/JavaVirtualMachines/jdk1.8.0_60.jdk/Contents/Home/jre/lib/resources.jar:/Library/Java/JavaVirtualMachines/jdk1.8.0_60.jdk/Contents/Home/jre/lib/rt.jar:/Library/Java/JavaVirtualMachines/jdk1.8.0_60.jdk/Contents/Home/jre/lib/sunrsasign.jar:/Library/Java/JavaVirtualMachines/jdk1.8.0_60.jdk/Contents/Home/jre/lib/jsse.jar:/Library/Java/JavaVirtualMachines/jdk1.8.0_60.jdk/Contents/Home/jre/lib/jce.jar:/Library/Java/JavaVirtualMachines/jdk1.8.0_60.jdk/Contents/Home/jre/lib/charsets.jar:/Library/Java/JavaVirtualMachines/jdk1.8.0_60.jdk/Contents/Home/jre/lib/jfr.jar:/Library/Java/JavaVirtualMachines/jdk1.8.0_60.jdk/Contents/Home/jre/classes"/>
    <property name="java.vendor" value="Oracle Corporation"/>
    <property name="maven.home" value="/Users/nagarjunareddy/Documents/projectworkspace/eclipse/AutoPost/EMBEDDED"/>
    <property name="file.separator" value="/"/>
    <property name="java.vendor.url.bug" value="http://bugreport.sun.com/bugreport/"/>
    <property name="sun.cpu.endian" value="little"/>
    <property name="sun.io.unicode.encoding" value="UnicodeBig"/>
    <property name="socksNonProxyHosts" value="local|*.local|169.254/16|*.169.254/16"/>
    <property name="ftp.nonProxyHosts" value="local|*.local|169.254/16|*.169.254/16"/>
    <property name="sun.cpu.isalist" value=""/>
  </properties>
  <testcase name="LaunchBrowser" classname="tcAutoPost.TCAutoFanPost" time="0.794">
    <failure type="java.lang.NullPointerException">java.lang.NullPointerException
</failure>
    <system-out><![CDATA[2017-05-25 21:35:33 INFO  BrowserLauncher:117 - BROWSER CALLED
]]></system-out>
    <system-err><![CDATA[log4j:ERROR Could not find value for key log4j.appender.ERROR
log4j:ERROR Could not instantiate appender named "ERROR".
OS is + mac os x
]]></system-err>
  </testcase>
  <testcase name="LaunchBrowser" classname="tcAutoPost.TCAutoFanPost" time="0">
    <skipped/>
  </testcase>
  <testcase name="LaunchBrowser" classname="tcAutoPost.TCAutoFanPost" time="0">
    <skipped/>
  </testcase>
  <testcase name="LaunchBrowser" classname="tcAutoPost.TCAutoFanPost" time="0">
    <skipped/>
  </testcase>
  <testcase name="LaunchBrowser" classname="tcAutoPost.TCAutoFanPost" time="0">
    <skipped/>
  </testcase>
  <testcase name="LaunchBrowser" classname="tcAutoPost.TCAutoFanPost" time="0">
    <skipped/>
  </testcase>
  <testcase name="verifyPostinFirstPostToFastCarTest" classname="tcAutoPost.TCAutoFanPost" time="0">
    <skipped/>
  </testcase>
  <testcase name="QuitBrowser" classname="tcAutoPost.TCAutoFanPost" time="0">
    <skipped/>
  </testcase>
  <testcase name="QuitBrowser" classname="tcAutoPost.TCAutoFanPost" time="0">
    <skipped/>
  </testcase>
  <testcase name="QuitBrowser" classname="tcAutoPost.TCAutoFanPost" time="0">
    <skipped/>
  </testcase>
  <testcase name="QuitBrowser" classname="tcAutoPost.TCAutoFanPost" time="0">
    <skipped/>
  </testcase>
  <testcase name="QuitBrowser" classname="tcAutoPost.TCAutoFanPost" time="0">
    <skipped/>
  </testcase>
  <testcase name="QuitBrowser" classname="tcAutoPost.TCAutoFanPost" time="0">
    <skipped/>
  </testcase>
  <testcase name="verifyPostinFirstPostToGetStarted" classname="tcAutoPost.TCAutoFanPost" time="0">
    <skipped/>
  </testcase>
  <testcase name="verifyPostinFirstPostToRHTestPage" classname="tcAutoPost.TCAutoFanPost" time="0">
    <skipped/>
  </testcase>
  <testcase name="verifyPostinSecondPostToFastCarTest" classname="tcAutoPost.TCAutoFanPost" time="0">
    <skipped/>
  </testcase>
  <testcase name="verifyPostinSecondPostToGetStarted" classname="tcAutoPost.TCAutoFanPost" time="0">
    <skipped/>
  </testcase>
  <testcase name="verifyPostinSecondPostToRHTestPage" classname="tcAutoPost.TCAutoFanPost" time="0">
    <skipped/>
  </testcase>
</testsuite>