<?xml version="1.0" encoding="UTF-8"?>
<!-- Generated by org.testng.reporters.JUnitReportReporter -->
<testsuite hostname="nagarjunaMBP.local" name="testCases.Publish.TCNewMessagePublish" tests="1" failures="0" timestamp="15 Dec 2016 11:03:45 GMT" time="197.627" errors="0">
  <testcase name="verifySchedulingFacebookPageWithVideo" time="197.627" classname="testCases.Publish.TCNewMessagePublish"/>
</testsuite> <!-- testCases.Publish.TCNewMessagePublish -->
